<?xml version="1.0" encoding="UTF-8"?>
<!-- Generated by org.testng.reporters.JUnitXMLReporter -->
<testsuite ignored="0" hostname="LAPTOP-INLFG8G0" failures="0" tests="4" name="Normal" time="0.027" errors="0" timestamp="2022-05-22T20:32:45 IST">
  <testcase classname="package1.class5" name="method1" time="0.004"/>
  <testcase classname="package1.class5" name="method2" time="0.003"/>
  <testcase classname="package1.class5" name="method3" time="0.004"/>
  <testcase classname="package1.class5" name="method4" time="0.003"/>
</testsuite> <!-- Normal -->
