<?xml version="1.0" encoding="UTF-8"?>
<!-- Generated by org.testng.reporters.JUnitXMLReporter -->
<testsuite ignored="0" hostname="LAPTOP-INLFG8G0" failures="0" tests="4" name="Test1" time="0.01" errors="0" timestamp="2022-05-22T20:59:08 IST">
  <testcase classname="package1.class5" name="method1" time="0.001"/>
  <testcase classname="package1.class5" name="method2" time="0.001"/>
  <testcase classname="package1.class5" name="method3" time="0.001"/>
  <testcase classname="package1.class5" name="method4" time="0.001"/>
</testsuite> <!-- Test1 -->
