<?xml version="1.0" encoding="UTF-8"?>
<!-- Generated by org.testng.reporters.JUnitXMLReporter -->
<testsuite ignored="0" hostname="LAPTOP-INLFG8G0" failures="1" tests="4" name="Test" time="0.086" errors="0" timestamp="2022-05-22T22:27:28 IST">
  <testcase classname="package1.class4" name="method1" time="0.013"/>
  <testcase classname="package1.class4" name="method2" time="0.002"/>
  <testcase classname="package1.class4" name="method3" time="0.006">
    <failure type="java.lang.AssertionError" message="expected [true] but found [false]">
      <![CDATA[java.lang.AssertionError: expected [true] but found [false]
at package1.class4.method3(class4.java:25)
at java.base/java.util.ArrayList.forEach(ArrayList.java:1511)
... Removed 31 stack frames]]>
    </failure>
  </testcase> <!-- method3 -->
  <testcase classname="package1.class4" name="method4" time="0.002"/>
</testsuite> <!-- Test -->
