<?xml version="1.0" encoding="UTF-8"?>
<!-- Generated by org.testng.reporters.JUnitXMLReporter -->
<testsuite ignored="0" hostname="LAPTOP-INLFG8G0" failures="0" tests="4" name="Default test" time="0.09" errors="0" timestamp="2022-06-05T15:02:43 IST">
  <testcase classname="package1.class1" name="method1" time="0.014"/>
  <testcase classname="package1.class1" name="method2" time="0.002"/>
  <testcase classname="package1.class1" name="method3" time="0.002"/>
  <testcase classname="package1.class1" name="method4" time="0.001"/>
</testsuite> <!-- Default test -->
